2016-07-05 12:41:15,845 - [WARN] - from play in Connect Thread 
Error stopping plugin
java.lang.NullPointerException: null
	at play.libs.ws.ning.NingWSPlugin.onStop(NingWSPlugin.java:31) ~[api-debugger-assembly-1.0.1.jar:1.0.1]
	at play.api.Play$$anonfun$stop$1$$anonfun$apply$1$$anonfun$apply$mcV$sp$2.apply(Play.scala:108) [api-debugger-assembly-1.0.1.jar:1.0.1]
	at play.api.Play$$anonfun$stop$1$$anonfun$apply$1$$anonfun$apply$mcV$sp$2.apply(Play.scala:107) [api-debugger-assembly-1.0.1.jar:1.0.1]
	at scala.collection.immutable.List.foreach(List.scala:383) [api-debugger-assembly-1.0.1.jar:1.0.1]
	at play.api.Play$$anonfun$stop$1$$anonfun$apply$1.apply$mcV$sp(Play.scala:107) [api-debugger-assembly-1.0.1.jar:1.0.1]
	at play.api.Play$$anonfun$stop$1$$anonfun$apply$1.apply(Play.scala:107) [api-debugger-assembly-1.0.1.jar:1.0.1]
	at play.api.Play$$anonfun$stop$1$$anonfun$apply$1.apply(Play.scala:107) [api-debugger-assembly-1.0.1.jar:1.0.1]
	at play.utils.Threads$.withContextClassLoader(Threads.scala:21) [api-debugger-assembly-1.0.1.jar:1.0.1]
	at play.api.Play$$anonfun$stop$1.apply(Play.scala:106) [api-debugger-assembly-1.0.1.jar:1.0.1]
	at play.api.Play$$anonfun$stop$1.apply(Play.scala:105) [api-debugger-assembly-1.0.1.jar:1.0.1]
	at scala.Option.map(Option.scala:145) [api-debugger-assembly-1.0.1.jar:1.0.1]
	at play.api.Play$.stop(Play.scala:105) [api-debugger-assembly-1.0.1.jar:1.0.1]
	at play.api.Play$.start(Play.scala:83) [api-debugger-assembly-1.0.1.jar:1.0.1]
	at play.core.StaticApplication.<init>(ApplicationProvider.scala:55) [api-debugger-assembly-1.0.1.jar:1.0.1]
	at com.edenicgames.util.GDNettyServer$.createServer(GDNettyServer.scala:54) [api-debugger-assembly-1.0.1.jar:1.0.1]
	at com.edenicgames.util.GDNettyServer$.main(GDNettyServer.scala:91) [api-debugger-assembly-1.0.1.jar:1.0.1]
	at com.edenicgames.util.GDNettyServer.main(GDNettyServer.scala) [api-debugger-assembly-1.0.1.jar:1.0.1]
	at sun.reflect.NativeMethodAccessorImpl.invoke0(Native Method) ~[na:1.8.0_91]
	at sun.reflect.NativeMethodAccessorImpl.invoke(NativeMethodAccessorImpl.java:62) ~[na:1.8.0_91]
	at sun.reflect.DelegatingMethodAccessorImpl.invoke(DelegatingMethodAccessorImpl.java:43) ~[na:1.8.0_91]
	at java.lang.reflect.Method.invoke(Method.java:498) ~[na:1.8.0_91]
	at debugger.JarClassLoader.invokeClass(JarClassLoader.java:90) [debugger_1.0.0.201607051102.jar:na]
	at debugger.JarClassLoader.invokeClass(JarClassLoader.java:137) [debugger_1.0.0.201607051102.jar:na]
	at debugger.launcher.GamedoniaAttachingConnector.attach(GamedoniaAttachingConnector.java:212) [debugger_1.0.0.201607051102.jar:na]
	at org.eclipse.wst.jsdt.debug.internal.core.launching.RemoteJavaScriptLaunchDelegate$ConnectRunnable.run(RemoteJavaScriptLaunchDelegate.java:65) [org.eclipse.wst.jsdt.debug.core_3.1.100.v201405221454.jar:na]
	at java.lang.Thread.run(Thread.java:745) [na:1.8.0_91]

2016-07-05 12:41:15,845 - [WARN] - from play in Connect Thread 
Error stopping plugin
java.lang.NullPointerException: null
	at play.libs.ws.ning.NingWSPlugin.onStop(NingWSPlugin.java:31) ~[api-debugger-assembly-1.0.1.jar:1.0.1]
	at play.api.Play$$anonfun$stop$1$$anonfun$apply$1$$anonfun$apply$mcV$sp$2.apply(Play.scala:108) [api-debugger-assembly-1.0.1.jar:1.0.1]
	at play.api.Play$$anonfun$stop$1$$anonfun$apply$1$$anonfun$apply$mcV$sp$2.apply(Play.scala:107) [api-debugger-assembly-1.0.1.jar:1.0.1]
	at scala.collection.immutable.List.foreach(List.scala:383) [api-debugger-assembly-1.0.1.jar:1.0.1]
	at play.api.Play$$anonfun$stop$1$$anonfun$apply$1.apply$mcV$sp(Play.scala:107) [api-debugger-assembly-1.0.1.jar:1.0.1]
	at play.api.Play$$anonfun$stop$1$$anonfun$apply$1.apply(Play.scala:107) [api-debugger-assembly-1.0.1.jar:1.0.1]
	at play.api.Play$$anonfun$stop$1$$anonfun$apply$1.apply(Play.scala:107) [api-debugger-assembly-1.0.1.jar:1.0.1]
	at play.utils.Threads$.withContextClassLoader(Threads.scala:21) [api-debugger-assembly-1.0.1.jar:1.0.1]
	at play.api.Play$$anonfun$stop$1.apply(Play.scala:106) [api-debugger-assembly-1.0.1.jar:1.0.1]
	at play.api.Play$$anonfun$stop$1.apply(Play.scala:105) [api-debugger-assembly-1.0.1.jar:1.0.1]
	at scala.Option.map(Option.scala:145) [api-debugger-assembly-1.0.1.jar:1.0.1]
	at play.api.Play$.stop(Play.scala:105) [api-debugger-assembly-1.0.1.jar:1.0.1]
	at play.api.Play$.start(Play.scala:83) [api-debugger-assembly-1.0.1.jar:1.0.1]
	at play.core.StaticApplication.<init>(ApplicationProvider.scala:55) [api-debugger-assembly-1.0.1.jar:1.0.1]
	at com.edenicgames.util.GDNettyServer$.createServer(GDNettyServer.scala:54) [api-debugger-assembly-1.0.1.jar:1.0.1]
	at com.edenicgames.util.GDNettyServer$.main(GDNettyServer.scala:91) [api-debugger-assembly-1.0.1.jar:1.0.1]
	at com.edenicgames.util.GDNettyServer.main(GDNettyServer.scala) [api-debugger-assembly-1.0.1.jar:1.0.1]
	at sun.reflect.NativeMethodAccessorImpl.invoke0(Native Method) ~[na:1.8.0_91]
	at sun.reflect.NativeMethodAccessorImpl.invoke(NativeMethodAccessorImpl.java:62) ~[na:1.8.0_91]
	at sun.reflect.DelegatingMethodAccessorImpl.invoke(DelegatingMethodAccessorImpl.java:43) ~[na:1.8.0_91]
	at java.lang.reflect.Method.invoke(Method.java:498) ~[na:1.8.0_91]
	at debugger.JarClassLoader.invokeClass(JarClassLoader.java:90) [debugger_1.0.0.201607051102.jar:na]
	at debugger.JarClassLoader.invokeClass(JarClassLoader.java:137) [debugger_1.0.0.201607051102.jar:na]
	at debugger.launcher.GamedoniaAttachingConnector.attach(GamedoniaAttachingConnector.java:212) [debugger_1.0.0.201607051102.jar:na]
	at org.eclipse.wst.jsdt.debug.internal.core.launching.RemoteJavaScriptLaunchDelegate$ConnectRunnable.run(RemoteJavaScriptLaunchDelegate.java:65) [org.eclipse.wst.jsdt.debug.core_3.1.100.v201405221454.jar:na]
	at java.lang.Thread.run(Thread.java:745) [na:1.8.0_91]

2016-07-05 12:41:15,925 - [INFO] - from play in Connect Thread 
Application started (Prod)

2016-07-05 12:41:15,925 - [INFO] - from play in Connect Thread 
Application started (Prod)

2016-07-05 12:41:16,169 - [ERROR] - from application in Connect Thread 
null

2016-07-05 12:41:16,169 - [ERROR] - from application in Connect Thread 
null

2016-07-05 12:41:16,170 - [INFO] - from play in Connect Thread 
Application started (Prod)

2016-07-05 12:41:16,170 - [INFO] - from play in Connect Thread 
Application started (Prod)

2016-07-05 12:41:17,344 - [INFO] - from play in Connect Thread 
Listening for HTTP on /0:0:0:0:0:0:0:0:8181

2016-07-05 12:41:17,344 - [INFO] - from play in Connect Thread 
Listening for HTTP on /0:0:0:0:0:0:0:0:8181

2016-07-05 12:41:35,255 - [ERROR] - from play in play-akka.actor.default-dispatcher-2 
Cannot invoke the action, eventually got an error: java.lang.IllegalStateException: The scripts Cache is not alive (STATUS_SHUTDOWN)

2016-07-05 12:41:35,255 - [ERROR] - from play in play-akka.actor.default-dispatcher-2 
Cannot invoke the action, eventually got an error: java.lang.IllegalStateException: The scripts Cache is not alive (STATUS_SHUTDOWN)

2016-07-05 12:41:35,258 - [ERROR] - from application in play-akka.actor.default-dispatcher-2 


! @70j4jda74 - Internal server error, for (POST) [/v1/run/job/now/orders] ->

play.api.Application$$anon$1: Execution exception[[IllegalStateException: The scripts Cache is not alive (STATUS_SHUTDOWN)]]
	at play.api.Application$class.handleError(Application.scala:296) ~[api-debugger-assembly-1.0.1.jar:1.0.1]
	at play.api.DefaultApplication.handleError(Application.scala:402) [api-debugger-assembly-1.0.1.jar:1.0.1]
	at play.core.server.netty.PlayDefaultUpstreamHandler$$anonfun$3$$anonfun$applyOrElse$4.apply(PlayDefaultUpstreamHandler.scala:320) [api-debugger-assembly-1.0.1.jar:1.0.1]
	at play.core.server.netty.PlayDefaultUpstreamHandler$$anonfun$3$$anonfun$applyOrElse$4.apply(PlayDefaultUpstreamHandler.scala:320) [api-debugger-assembly-1.0.1.jar:1.0.1]
	at scala.Option.map(Option.scala:145) [api-debugger-assembly-1.0.1.jar:1.0.1]
	at play.core.server.netty.PlayDefaultUpstreamHandler$$anonfun$3.applyOrElse(PlayDefaultUpstreamHandler.scala:320) [api-debugger-assembly-1.0.1.jar:1.0.1]
	at play.core.server.netty.PlayDefaultUpstreamHandler$$anonfun$3.applyOrElse(PlayDefaultUpstreamHandler.scala:316) [api-debugger-assembly-1.0.1.jar:1.0.1]
	at scala.concurrent.Future$$anonfun$recoverWith$1.apply(Future.scala:344) [api-debugger-assembly-1.0.1.jar:1.0.1]
	at scala.concurrent.Future$$anonfun$recoverWith$1.apply(Future.scala:343) [api-debugger-assembly-1.0.1.jar:1.0.1]
	at scala.concurrent.impl.CallbackRunnable.run(Promise.scala:32) [api-debugger-assembly-1.0.1.jar:1.0.1]
	at play.api.libs.iteratee.Execution$trampoline$.execute(Execution.scala:46) [api-debugger-assembly-1.0.1.jar:1.0.1]
	at scala.concurrent.impl.CallbackRunnable.executeWithValue(Promise.scala:40) [api-debugger-assembly-1.0.1.jar:1.0.1]
	at scala.concurrent.impl.Promise$DefaultPromise.tryComplete(Promise.scala:248) [api-debugger-assembly-1.0.1.jar:1.0.1]
	at scala.concurrent.Promise$class.complete(Promise.scala:55) [api-debugger-assembly-1.0.1.jar:1.0.1]
	at scala.concurrent.impl.Promise$DefaultPromise.complete(Promise.scala:153) [api-debugger-assembly-1.0.1.jar:1.0.1]
	at scala.concurrent.impl.Future$PromiseCompletingRunnable.run(Future.scala:23) [api-debugger-assembly-1.0.1.jar:1.0.1]
	at akka.dispatch.TaskInvocation.run(AbstractDispatcher.scala:41) [api-debugger-assembly-1.0.1.jar:1.0.1]
	at akka.dispatch.ForkJoinExecutorConfigurator$AkkaForkJoinTask.exec(AbstractDispatcher.scala:393) [api-debugger-assembly-1.0.1.jar:1.0.1]
	at scala.concurrent.forkjoin.ForkJoinTask.doExec(ForkJoinTask.java:260) [api-debugger-assembly-1.0.1.jar:1.0.1]
	at scala.concurrent.forkjoin.ForkJoinPool$WorkQueue.runTask(ForkJoinPool.java:1339) [api-debugger-assembly-1.0.1.jar:1.0.1]
	at scala.concurrent.forkjoin.ForkJoinPool.runWorker(ForkJoinPool.java:1979) [api-debugger-assembly-1.0.1.jar:1.0.1]
	at scala.concurrent.forkjoin.ForkJoinWorkerThread.run(ForkJoinWorkerThread.java:107) [api-debugger-assembly-1.0.1.jar:1.0.1]
Caused by: java.lang.IllegalStateException: The scripts Cache is not alive (STATUS_SHUTDOWN)
	at net.sf.ehcache.Cache$CacheStatus.checkAlive(Cache.java:4267) ~[api-debugger-assembly-1.0.1.jar:1.0.1]
	at net.sf.ehcache.Cache.checkStatus(Cache.java:2701) ~[api-debugger-assembly-1.0.1.jar:1.0.1]
	at net.sf.ehcache.Cache.get(Cache.java:1576) ~[api-debugger-assembly-1.0.1.jar:1.0.1]
	at net.sf.ehcache.Cache.get(Cache.java:1557) ~[api-debugger-assembly-1.0.1.jar:1.0.1]
	at com.edenicgames.gamedonia.api.scripting.RunScriptBase.initScope(RunScriptBase.java:288) ~[api-debugger-assembly-1.0.1.jar:1.0.1]
	at com.edenicgames.gamedonia.api.controllers.Params.<init>(Params.scala:43) ~[api-debugger-assembly-1.0.1.jar:1.0.1]
	at com.edenicgames.gamedonia.api.controllers.ScriptApi$$anonfun$runJob$1.apply(ScriptApi.scala:85) ~[api-debugger-assembly-1.0.1.jar:1.0.1]
	at com.edenicgames.gamedonia.api.controllers.ScriptApi$$anonfun$runJob$1.apply(ScriptApi.scala:84) ~[api-debugger-assembly-1.0.1.jar:1.0.1]
	at play.api.mvc.ActionBuilder$$anonfun$apply$16.apply(Action.scala:433) ~[api-debugger-assembly-1.0.1.jar:1.0.1]
	at play.api.mvc.ActionBuilder$$anonfun$apply$16.apply(Action.scala:432) ~[api-debugger-assembly-1.0.1.jar:1.0.1]
	at play.api.mvc.Action$.invokeBlock(Action.scala:556) ~[api-debugger-assembly-1.0.1.jar:1.0.1]
	at play.api.mvc.Action$.invokeBlock(Action.scala:555) ~[api-debugger-assembly-1.0.1.jar:1.0.1]
	at play.api.mvc.ActionBuilder$$anon$1.apply(Action.scala:518) ~[api-debugger-assembly-1.0.1.jar:1.0.1]
	at play.api.mvc.Action$$anonfun$apply$1$$anonfun$apply$4$$anonfun$apply$5.apply(Action.scala:130) ~[api-debugger-assembly-1.0.1.jar:1.0.1]
	at play.api.mvc.Action$$anonfun$apply$1$$anonfun$apply$4$$anonfun$apply$5.apply(Action.scala:130) ~[api-debugger-assembly-1.0.1.jar:1.0.1]
	at play.utils.Threads$.withContextClassLoader(Threads.scala:21) ~[api-debugger-assembly-1.0.1.jar:1.0.1]
	at play.api.mvc.Action$$anonfun$apply$1$$anonfun$apply$4.apply(Action.scala:129) ~[api-debugger-assembly-1.0.1.jar:1.0.1]
	at play.api.mvc.Action$$anonfun$apply$1$$anonfun$apply$4.apply(Action.scala:128) ~[api-debugger-assembly-1.0.1.jar:1.0.1]
	at scala.Option.map(Option.scala:145) [api-debugger-assembly-1.0.1.jar:1.0.1]
	at play.api.mvc.Action$$anonfun$apply$1.apply(Action.scala:128) ~[api-debugger-assembly-1.0.1.jar:1.0.1]
	at play.api.mvc.Action$$anonfun$apply$1.apply(Action.scala:121) ~[api-debugger-assembly-1.0.1.jar:1.0.1]
	at play.api.libs.iteratee.Iteratee$$anonfun$mapM$1.apply(Iteratee.scala:483) ~[api-debugger-assembly-1.0.1.jar:1.0.1]
	at play.api.libs.iteratee.Iteratee$$anonfun$mapM$1.apply(Iteratee.scala:483) ~[api-debugger-assembly-1.0.1.jar:1.0.1]
	at play.api.libs.iteratee.Iteratee$$anonfun$flatMapM$1.apply(Iteratee.scala:519) ~[api-debugger-assembly-1.0.1.jar:1.0.1]
	at play.api.libs.iteratee.Iteratee$$anonfun$flatMapM$1.apply(Iteratee.scala:519) ~[api-debugger-assembly-1.0.1.jar:1.0.1]
	at play.api.libs.iteratee.Iteratee$$anonfun$flatMap$1$$anonfun$apply$14.apply(Iteratee.scala:496) ~[api-debugger-assembly-1.0.1.jar:1.0.1]
	at play.api.libs.iteratee.Iteratee$$anonfun$flatMap$1$$anonfun$apply$14.apply(Iteratee.scala:496) ~[api-debugger-assembly-1.0.1.jar:1.0.1]
	at scala.concurrent.impl.Future$PromiseCompletingRunnable.liftedTree1$1(Future.scala:24) [api-debugger-assembly-1.0.1.jar:1.0.1]
	at scala.concurrent.impl.Future$PromiseCompletingRunnable.run(Future.scala:24) [api-debugger-assembly-1.0.1.jar:1.0.1]
	... 6 common frames omitted

2016-07-05 12:41:35,258 - [ERROR] - from application in play-akka.actor.default-dispatcher-2 


! @70j4jda74 - Internal server error, for (POST) [/v1/run/job/now/orders] ->

play.api.Application$$anon$1: Execution exception[[IllegalStateException: The scripts Cache is not alive (STATUS_SHUTDOWN)]]
	at play.api.Application$class.handleError(Application.scala:296) ~[api-debugger-assembly-1.0.1.jar:1.0.1]
	at play.api.DefaultApplication.handleError(Application.scala:402) [api-debugger-assembly-1.0.1.jar:1.0.1]
	at play.core.server.netty.PlayDefaultUpstreamHandler$$anonfun$3$$anonfun$applyOrElse$4.apply(PlayDefaultUpstreamHandler.scala:320) [api-debugger-assembly-1.0.1.jar:1.0.1]
	at play.core.server.netty.PlayDefaultUpstreamHandler$$anonfun$3$$anonfun$applyOrElse$4.apply(PlayDefaultUpstreamHandler.scala:320) [api-debugger-assembly-1.0.1.jar:1.0.1]
	at scala.Option.map(Option.scala:145) [api-debugger-assembly-1.0.1.jar:1.0.1]
	at play.core.server.netty.PlayDefaultUpstreamHandler$$anonfun$3.applyOrElse(PlayDefaultUpstreamHandler.scala:320) [api-debugger-assembly-1.0.1.jar:1.0.1]
	at play.core.server.netty.PlayDefaultUpstreamHandler$$anonfun$3.applyOrElse(PlayDefaultUpstreamHandler.scala:316) [api-debugger-assembly-1.0.1.jar:1.0.1]
	at scala.concurrent.Future$$anonfun$recoverWith$1.apply(Future.scala:344) [api-debugger-assembly-1.0.1.jar:1.0.1]
	at scala.concurrent.Future$$anonfun$recoverWith$1.apply(Future.scala:343) [api-debugger-assembly-1.0.1.jar:1.0.1]
	at scala.concurrent.impl.CallbackRunnable.run(Promise.scala:32) [api-debugger-assembly-1.0.1.jar:1.0.1]
	at play.api.libs.iteratee.Execution$trampoline$.execute(Execution.scala:46) [api-debugger-assembly-1.0.1.jar:1.0.1]
	at scala.concurrent.impl.CallbackRunnable.executeWithValue(Promise.scala:40) [api-debugger-assembly-1.0.1.jar:1.0.1]
	at scala.concurrent.impl.Promise$DefaultPromise.tryComplete(Promise.scala:248) [api-debugger-assembly-1.0.1.jar:1.0.1]
	at scala.concurrent.Promise$class.complete(Promise.scala:55) [api-debugger-assembly-1.0.1.jar:1.0.1]
	at scala.concurrent.impl.Promise$DefaultPromise.complete(Promise.scala:153) [api-debugger-assembly-1.0.1.jar:1.0.1]
	at scala.concurrent.impl.Future$PromiseCompletingRunnable.run(Future.scala:23) [api-debugger-assembly-1.0.1.jar:1.0.1]
	at akka.dispatch.TaskInvocation.run(AbstractDispatcher.scala:41) [api-debugger-assembly-1.0.1.jar:1.0.1]
	at akka.dispatch.ForkJoinExecutorConfigurator$AkkaForkJoinTask.exec(AbstractDispatcher.scala:393) [api-debugger-assembly-1.0.1.jar:1.0.1]
	at scala.concurrent.forkjoin.ForkJoinTask.doExec(ForkJoinTask.java:260) [api-debugger-assembly-1.0.1.jar:1.0.1]
	at scala.concurrent.forkjoin.ForkJoinPool$WorkQueue.runTask(ForkJoinPool.java:1339) [api-debugger-assembly-1.0.1.jar:1.0.1]
	at scala.concurrent.forkjoin.ForkJoinPool.runWorker(ForkJoinPool.java:1979) [api-debugger-assembly-1.0.1.jar:1.0.1]
	at scala.concurrent.forkjoin.ForkJoinWorkerThread.run(ForkJoinWorkerThread.java:107) [api-debugger-assembly-1.0.1.jar:1.0.1]
Caused by: java.lang.IllegalStateException: The scripts Cache is not alive (STATUS_SHUTDOWN)
	at net.sf.ehcache.Cache$CacheStatus.checkAlive(Cache.java:4267) ~[api-debugger-assembly-1.0.1.jar:1.0.1]
	at net.sf.ehcache.Cache.checkStatus(Cache.java:2701) ~[api-debugger-assembly-1.0.1.jar:1.0.1]
	at net.sf.ehcache.Cache.get(Cache.java:1576) ~[api-debugger-assembly-1.0.1.jar:1.0.1]
	at net.sf.ehcache.Cache.get(Cache.java:1557) ~[api-debugger-assembly-1.0.1.jar:1.0.1]
	at com.edenicgames.gamedonia.api.scripting.RunScriptBase.initScope(RunScriptBase.java:288) ~[api-debugger-assembly-1.0.1.jar:1.0.1]
	at com.edenicgames.gamedonia.api.controllers.Params.<init>(Params.scala:43) ~[api-debugger-assembly-1.0.1.jar:1.0.1]
	at com.edenicgames.gamedonia.api.controllers.ScriptApi$$anonfun$runJob$1.apply(ScriptApi.scala:85) ~[api-debugger-assembly-1.0.1.jar:1.0.1]
	at com.edenicgames.gamedonia.api.controllers.ScriptApi$$anonfun$runJob$1.apply(ScriptApi.scala:84) ~[api-debugger-assembly-1.0.1.jar:1.0.1]
	at play.api.mvc.ActionBuilder$$anonfun$apply$16.apply(Action.scala:433) ~[api-debugger-assembly-1.0.1.jar:1.0.1]
	at play.api.mvc.ActionBuilder$$anonfun$apply$16.apply(Action.scala:432) ~[api-debugger-assembly-1.0.1.jar:1.0.1]
	at play.api.mvc.Action$.invokeBlock(Action.scala:556) ~[api-debugger-assembly-1.0.1.jar:1.0.1]
	at play.api.mvc.Action$.invokeBlock(Action.scala:555) ~[api-debugger-assembly-1.0.1.jar:1.0.1]
	at play.api.mvc.ActionBuilder$$anon$1.apply(Action.scala:518) ~[api-debugger-assembly-1.0.1.jar:1.0.1]
	at play.api.mvc.Action$$anonfun$apply$1$$anonfun$apply$4$$anonfun$apply$5.apply(Action.scala:130) ~[api-debugger-assembly-1.0.1.jar:1.0.1]
	at play.api.mvc.Action$$anonfun$apply$1$$anonfun$apply$4$$anonfun$apply$5.apply(Action.scala:130) ~[api-debugger-assembly-1.0.1.jar:1.0.1]
	at play.utils.Threads$.withContextClassLoader(Threads.scala:21) ~[api-debugger-assembly-1.0.1.jar:1.0.1]
	at play.api.mvc.Action$$anonfun$apply$1$$anonfun$apply$4.apply(Action.scala:129) ~[api-debugger-assembly-1.0.1.jar:1.0.1]
	at play.api.mvc.Action$$anonfun$apply$1$$anonfun$apply$4.apply(Action.scala:128) ~[api-debugger-assembly-1.0.1.jar:1.0.1]
	at scala.Option.map(Option.scala:145) [api-debugger-assembly-1.0.1.jar:1.0.1]
	at play.api.mvc.Action$$anonfun$apply$1.apply(Action.scala:128) ~[api-debugger-assembly-1.0.1.jar:1.0.1]
	at play.api.mvc.Action$$anonfun$apply$1.apply(Action.scala:121) ~[api-debugger-assembly-1.0.1.jar:1.0.1]
	at play.api.libs.iteratee.Iteratee$$anonfun$mapM$1.apply(Iteratee.scala:483) ~[api-debugger-assembly-1.0.1.jar:1.0.1]
	at play.api.libs.iteratee.Iteratee$$anonfun$mapM$1.apply(Iteratee.scala:483) ~[api-debugger-assembly-1.0.1.jar:1.0.1]
	at play.api.libs.iteratee.Iteratee$$anonfun$flatMapM$1.apply(Iteratee.scala:519) ~[api-debugger-assembly-1.0.1.jar:1.0.1]
	at play.api.libs.iteratee.Iteratee$$anonfun$flatMapM$1.apply(Iteratee.scala:519) ~[api-debugger-assembly-1.0.1.jar:1.0.1]
	at play.api.libs.iteratee.Iteratee$$anonfun$flatMap$1$$anonfun$apply$14.apply(Iteratee.scala:496) ~[api-debugger-assembly-1.0.1.jar:1.0.1]
	at play.api.libs.iteratee.Iteratee$$anonfun$flatMap$1$$anonfun$apply$14.apply(Iteratee.scala:496) ~[api-debugger-assembly-1.0.1.jar:1.0.1]
	at scala.concurrent.impl.Future$PromiseCompletingRunnable.liftedTree1$1(Future.scala:24) [api-debugger-assembly-1.0.1.jar:1.0.1]
	at scala.concurrent.impl.Future$PromiseCompletingRunnable.run(Future.scala:24) [api-debugger-assembly-1.0.1.jar:1.0.1]
	... 6 common frames omitted

2016-07-05 12:41:37,542 - [ERROR] - from play in play-akka.actor.default-dispatcher-2 
Cannot invoke the action, eventually got an error: java.lang.IllegalStateException: The scripts Cache is not alive (STATUS_SHUTDOWN)

2016-07-05 12:41:37,542 - [ERROR] - from play in play-akka.actor.default-dispatcher-2 
Cannot invoke the action, eventually got an error: java.lang.IllegalStateException: The scripts Cache is not alive (STATUS_SHUTDOWN)

2016-07-05 12:41:37,543 - [ERROR] - from application in play-akka.actor.default-dispatcher-2 


! @70j4jddh1 - Internal server error, for (POST) [/v1/account/create] ->

play.api.Application$$anon$1: Execution exception[[IllegalStateException: The scripts Cache is not alive (STATUS_SHUTDOWN)]]
	at play.api.Application$class.handleError(Application.scala:296) ~[api-debugger-assembly-1.0.1.jar:1.0.1]
	at play.api.DefaultApplication.handleError(Application.scala:402) [api-debugger-assembly-1.0.1.jar:1.0.1]
	at play.core.server.netty.PlayDefaultUpstreamHandler$$anonfun$3$$anonfun$applyOrElse$4.apply(PlayDefaultUpstreamHandler.scala:320) [api-debugger-assembly-1.0.1.jar:1.0.1]
	at play.core.server.netty.PlayDefaultUpstreamHandler$$anonfun$3$$anonfun$applyOrElse$4.apply(PlayDefaultUpstreamHandler.scala:320) [api-debugger-assembly-1.0.1.jar:1.0.1]
	at scala.Option.map(Option.scala:145) [api-debugger-assembly-1.0.1.jar:1.0.1]
	at play.core.server.netty.PlayDefaultUpstreamHandler$$anonfun$3.applyOrElse(PlayDefaultUpstreamHandler.scala:320) [api-debugger-assembly-1.0.1.jar:1.0.1]
	at play.core.server.netty.PlayDefaultUpstreamHandler$$anonfun$3.applyOrElse(PlayDefaultUpstreamHandler.scala:316) [api-debugger-assembly-1.0.1.jar:1.0.1]
	at scala.concurrent.Future$$anonfun$recoverWith$1.apply(Future.scala:344) [api-debugger-assembly-1.0.1.jar:1.0.1]
	at scala.concurrent.Future$$anonfun$recoverWith$1.apply(Future.scala:343) [api-debugger-assembly-1.0.1.jar:1.0.1]
	at scala.concurrent.impl.CallbackRunnable.run(Promise.scala:32) [api-debugger-assembly-1.0.1.jar:1.0.1]
	at play.api.libs.iteratee.Execution$trampoline$.execute(Execution.scala:46) [api-debugger-assembly-1.0.1.jar:1.0.1]
	at scala.concurrent.impl.CallbackRunnable.executeWithValue(Promise.scala:40) [api-debugger-assembly-1.0.1.jar:1.0.1]
	at scala.concurrent.impl.Promise$DefaultPromise.tryComplete(Promise.scala:248) [api-debugger-assembly-1.0.1.jar:1.0.1]
	at scala.concurrent.Promise$class.complete(Promise.scala:55) [api-debugger-assembly-1.0.1.jar:1.0.1]
	at scala.concurrent.impl.Promise$DefaultPromise.complete(Promise.scala:153) [api-debugger-assembly-1.0.1.jar:1.0.1]
	at scala.concurrent.impl.Future$PromiseCompletingRunnable.run(Future.scala:23) [api-debugger-assembly-1.0.1.jar:1.0.1]
	at akka.dispatch.TaskInvocation.run(AbstractDispatcher.scala:41) [api-debugger-assembly-1.0.1.jar:1.0.1]
	at akka.dispatch.ForkJoinExecutorConfigurator$AkkaForkJoinTask.exec(AbstractDispatcher.scala:393) [api-debugger-assembly-1.0.1.jar:1.0.1]
	at scala.concurrent.forkjoin.ForkJoinTask.doExec(ForkJoinTask.java:260) [api-debugger-assembly-1.0.1.jar:1.0.1]
	at scala.concurrent.forkjoin.ForkJoinPool$WorkQueue.runTask(ForkJoinPool.java:1339) [api-debugger-assembly-1.0.1.jar:1.0.1]
	at scala.concurrent.forkjoin.ForkJoinPool.runWorker(ForkJoinPool.java:1979) [api-debugger-assembly-1.0.1.jar:1.0.1]
	at scala.concurrent.forkjoin.ForkJoinWorkerThread.run(ForkJoinWorkerThread.java:107) [api-debugger-assembly-1.0.1.jar:1.0.1]
Caused by: java.lang.IllegalStateException: The scripts Cache is not alive (STATUS_SHUTDOWN)
	at net.sf.ehcache.Cache$CacheStatus.checkAlive(Cache.java:4267) ~[api-debugger-assembly-1.0.1.jar:1.0.1]
	at net.sf.ehcache.Cache.checkStatus(Cache.java:2701) ~[api-debugger-assembly-1.0.1.jar:1.0.1]
	at net.sf.ehcache.Cache.get(Cache.java:1576) ~[api-debugger-assembly-1.0.1.jar:1.0.1]
	at net.sf.ehcache.Cache.get(Cache.java:1557) ~[api-debugger-assembly-1.0.1.jar:1.0.1]
	at com.edenicgames.gamedonia.api.scripting.RunScriptBase.initScope(RunScriptBase.java:288) ~[api-debugger-assembly-1.0.1.jar:1.0.1]
	at com.edenicgames.gamedonia.api.controllers.Params.<init>(Params.scala:43) ~[api-debugger-assembly-1.0.1.jar:1.0.1]
	at com.edenicgames.gamedonia.api.controllers.UserApi$$anonfun$dataAction$1$1.apply(UserApi.scala:70) ~[api-debugger-assembly-1.0.1.jar:1.0.1]
	at com.edenicgames.gamedonia.api.controllers.UserApi$$anonfun$dataAction$1$1.apply(UserApi.scala:69) ~[api-debugger-assembly-1.0.1.jar:1.0.1]
	at play.api.mvc.ActionBuilder$$anonfun$apply$16.apply(Action.scala:433) ~[api-debugger-assembly-1.0.1.jar:1.0.1]
	at play.api.mvc.ActionBuilder$$anonfun$apply$16.apply(Action.scala:432) ~[api-debugger-assembly-1.0.1.jar:1.0.1]
	at play.api.mvc.Action$.invokeBlock(Action.scala:556) ~[api-debugger-assembly-1.0.1.jar:1.0.1]
	at play.api.mvc.Action$.invokeBlock(Action.scala:555) ~[api-debugger-assembly-1.0.1.jar:1.0.1]
	at play.api.mvc.ActionBuilder$$anon$1.apply(Action.scala:518) ~[api-debugger-assembly-1.0.1.jar:1.0.1]
	at play.api.mvc.Action$$anonfun$apply$1$$anonfun$apply$4$$anonfun$apply$5.apply(Action.scala:130) ~[api-debugger-assembly-1.0.1.jar:1.0.1]
	at play.api.mvc.Action$$anonfun$apply$1$$anonfun$apply$4$$anonfun$apply$5.apply(Action.scala:130) ~[api-debugger-assembly-1.0.1.jar:1.0.1]
	at play.utils.Threads$.withContextClassLoader(Threads.scala:21) ~[api-debugger-assembly-1.0.1.jar:1.0.1]
	at play.api.mvc.Action$$anonfun$apply$1$$anonfun$apply$4.apply(Action.scala:129) ~[api-debugger-assembly-1.0.1.jar:1.0.1]
	at play.api.mvc.Action$$anonfun$apply$1$$anonfun$apply$4.apply(Action.scala:128) ~[api-debugger-assembly-1.0.1.jar:1.0.1]
	at scala.Option.map(Option.scala:145) [api-debugger-assembly-1.0.1.jar:1.0.1]
	at play.api.mvc.Action$$anonfun$apply$1.apply(Action.scala:128) ~[api-debugger-assembly-1.0.1.jar:1.0.1]
	at play.api.mvc.Action$$anonfun$apply$1.apply(Action.scala:121) ~[api-debugger-assembly-1.0.1.jar:1.0.1]
	at play.api.libs.iteratee.Iteratee$$anonfun$mapM$1.apply(Iteratee.scala:483) ~[api-debugger-assembly-1.0.1.jar:1.0.1]
	at play.api.libs.iteratee.Iteratee$$anonfun$mapM$1.apply(Iteratee.scala:483) ~[api-debugger-assembly-1.0.1.jar:1.0.1]
	at play.api.libs.iteratee.Iteratee$$anonfun$flatMapM$1.apply(Iteratee.scala:519) ~[api-debugger-assembly-1.0.1.jar:1.0.1]
	at play.api.libs.iteratee.Iteratee$$anonfun$flatMapM$1.apply(Iteratee.scala:519) ~[api-debugger-assembly-1.0.1.jar:1.0.1]
	at play.api.libs.iteratee.Iteratee$$anonfun$flatMap$1$$anonfun$apply$14.apply(Iteratee.scala:496) ~[api-debugger-assembly-1.0.1.jar:1.0.1]
	at play.api.libs.iteratee.Iteratee$$anonfun$flatMap$1$$anonfun$apply$14.apply(Iteratee.scala:496) ~[api-debugger-assembly-1.0.1.jar:1.0.1]
	at scala.concurrent.impl.Future$PromiseCompletingRunnable.liftedTree1$1(Future.scala:24) [api-debugger-assembly-1.0.1.jar:1.0.1]
	at scala.concurrent.impl.Future$PromiseCompletingRunnable.run(Future.scala:24) [api-debugger-assembly-1.0.1.jar:1.0.1]
	... 6 common frames omitted

2016-07-05 12:41:37,543 - [ERROR] - from application in play-akka.actor.default-dispatcher-2 


! @70j4jddh1 - Internal server error, for (POST) [/v1/account/create] ->

play.api.Application$$anon$1: Execution exception[[IllegalStateException: The scripts Cache is not alive (STATUS_SHUTDOWN)]]
	at play.api.Application$class.handleError(Application.scala:296) ~[api-debugger-assembly-1.0.1.jar:1.0.1]
	at play.api.DefaultApplication.handleError(Application.scala:402) [api-debugger-assembly-1.0.1.jar:1.0.1]
	at play.core.server.netty.PlayDefaultUpstreamHandler$$anonfun$3$$anonfun$applyOrElse$4.apply(PlayDefaultUpstreamHandler.scala:320) [api-debugger-assembly-1.0.1.jar:1.0.1]
	at play.core.server.netty.PlayDefaultUpstreamHandler$$anonfun$3$$anonfun$applyOrElse$4.apply(PlayDefaultUpstreamHandler.scala:320) [api-debugger-assembly-1.0.1.jar:1.0.1]
	at scala.Option.map(Option.scala:145) [api-debugger-assembly-1.0.1.jar:1.0.1]
	at play.core.server.netty.PlayDefaultUpstreamHandler$$anonfun$3.applyOrElse(PlayDefaultUpstreamHandler.scala:320) [api-debugger-assembly-1.0.1.jar:1.0.1]
	at play.core.server.netty.PlayDefaultUpstreamHandler$$anonfun$3.applyOrElse(PlayDefaultUpstreamHandler.scala:316) [api-debugger-assembly-1.0.1.jar:1.0.1]
	at scala.concurrent.Future$$anonfun$recoverWith$1.apply(Future.scala:344) [api-debugger-assembly-1.0.1.jar:1.0.1]
	at scala.concurrent.Future$$anonfun$recoverWith$1.apply(Future.scala:343) [api-debugger-assembly-1.0.1.jar:1.0.1]
	at scala.concurrent.impl.CallbackRunnable.run(Promise.scala:32) [api-debugger-assembly-1.0.1.jar:1.0.1]
	at play.api.libs.iteratee.Execution$trampoline$.execute(Execution.scala:46) [api-debugger-assembly-1.0.1.jar:1.0.1]
	at scala.concurrent.impl.CallbackRunnable.executeWithValue(Promise.scala:40) [api-debugger-assembly-1.0.1.jar:1.0.1]
	at scala.concurrent.impl.Promise$DefaultPromise.tryComplete(Promise.scala:248) [api-debugger-assembly-1.0.1.jar:1.0.1]
	at scala.concurrent.Promise$class.complete(Promise.scala:55) [api-debugger-assembly-1.0.1.jar:1.0.1]
	at scala.concurrent.impl.Promise$DefaultPromise.complete(Promise.scala:153) [api-debugger-assembly-1.0.1.jar:1.0.1]
	at scala.concurrent.impl.Future$PromiseCompletingRunnable.run(Future.scala:23) [api-debugger-assembly-1.0.1.jar:1.0.1]
	at akka.dispatch.TaskInvocation.run(AbstractDispatcher.scala:41) [api-debugger-assembly-1.0.1.jar:1.0.1]
	at akka.dispatch.ForkJoinExecutorConfigurator$AkkaForkJoinTask.exec(AbstractDispatcher.scala:393) [api-debugger-assembly-1.0.1.jar:1.0.1]
	at scala.concurrent.forkjoin.ForkJoinTask.doExec(ForkJoinTask.java:260) [api-debugger-assembly-1.0.1.jar:1.0.1]
	at scala.concurrent.forkjoin.ForkJoinPool$WorkQueue.runTask(ForkJoinPool.java:1339) [api-debugger-assembly-1.0.1.jar:1.0.1]
	at scala.concurrent.forkjoin.ForkJoinPool.runWorker(ForkJoinPool.java:1979) [api-debugger-assembly-1.0.1.jar:1.0.1]
	at scala.concurrent.forkjoin.ForkJoinWorkerThread.run(ForkJoinWorkerThread.java:107) [api-debugger-assembly-1.0.1.jar:1.0.1]
Caused by: java.lang.IllegalStateException: The scripts Cache is not alive (STATUS_SHUTDOWN)
	at net.sf.ehcache.Cache$CacheStatus.checkAlive(Cache.java:4267) ~[api-debugger-assembly-1.0.1.jar:1.0.1]
	at net.sf.ehcache.Cache.checkStatus(Cache.java:2701) ~[api-debugger-assembly-1.0.1.jar:1.0.1]
	at net.sf.ehcache.Cache.get(Cache.java:1576) ~[api-debugger-assembly-1.0.1.jar:1.0.1]
	at net.sf.ehcache.Cache.get(Cache.java:1557) ~[api-debugger-assembly-1.0.1.jar:1.0.1]
	at com.edenicgames.gamedonia.api.scripting.RunScriptBase.initScope(RunScriptBase.java:288) ~[api-debugger-assembly-1.0.1.jar:1.0.1]
	at com.edenicgames.gamedonia.api.controllers.Params.<init>(Params.scala:43) ~[api-debugger-assembly-1.0.1.jar:1.0.1]
	at com.edenicgames.gamedonia.api.controllers.UserApi$$anonfun$dataAction$1$1.apply(UserApi.scala:70) ~[api-debugger-assembly-1.0.1.jar:1.0.1]
	at com.edenicgames.gamedonia.api.controllers.UserApi$$anonfun$dataAction$1$1.apply(UserApi.scala:69) ~[api-debugger-assembly-1.0.1.jar:1.0.1]
	at play.api.mvc.ActionBuilder$$anonfun$apply$16.apply(Action.scala:433) ~[api-debugger-assembly-1.0.1.jar:1.0.1]
	at play.api.mvc.ActionBuilder$$anonfun$apply$16.apply(Action.scala:432) ~[api-debugger-assembly-1.0.1.jar:1.0.1]
	at play.api.mvc.Action$.invokeBlock(Action.scala:556) ~[api-debugger-assembly-1.0.1.jar:1.0.1]
	at play.api.mvc.Action$.invokeBlock(Action.scala:555) ~[api-debugger-assembly-1.0.1.jar:1.0.1]
	at play.api.mvc.ActionBuilder$$anon$1.apply(Action.scala:518) ~[api-debugger-assembly-1.0.1.jar:1.0.1]
	at play.api.mvc.Action$$anonfun$apply$1$$anonfun$apply$4$$anonfun$apply$5.apply(Action.scala:130) ~[api-debugger-assembly-1.0.1.jar:1.0.1]
	at play.api.mvc.Action$$anonfun$apply$1$$anonfun$apply$4$$anonfun$apply$5.apply(Action.scala:130) ~[api-debugger-assembly-1.0.1.jar:1.0.1]
	at play.utils.Threads$.withContextClassLoader(Threads.scala:21) ~[api-debugger-assembly-1.0.1.jar:1.0.1]
	at play.api.mvc.Action$$anonfun$apply$1$$anonfun$apply$4.apply(Action.scala:129) ~[api-debugger-assembly-1.0.1.jar:1.0.1]
	at play.api.mvc.Action$$anonfun$apply$1$$anonfun$apply$4.apply(Action.scala:128) ~[api-debugger-assembly-1.0.1.jar:1.0.1]
	at scala.Option.map(Option.scala:145) [api-debugger-assembly-1.0.1.jar:1.0.1]
	at play.api.mvc.Action$$anonfun$apply$1.apply(Action.scala:128) ~[api-debugger-assembly-1.0.1.jar:1.0.1]
	at play.api.mvc.Action$$anonfun$apply$1.apply(Action.scala:121) ~[api-debugger-assembly-1.0.1.jar:1.0.1]
	at play.api.libs.iteratee.Iteratee$$anonfun$mapM$1.apply(Iteratee.scala:483) ~[api-debugger-assembly-1.0.1.jar:1.0.1]
	at play.api.libs.iteratee.Iteratee$$anonfun$mapM$1.apply(Iteratee.scala:483) ~[api-debugger-assembly-1.0.1.jar:1.0.1]
	at play.api.libs.iteratee.Iteratee$$anonfun$flatMapM$1.apply(Iteratee.scala:519) ~[api-debugger-assembly-1.0.1.jar:1.0.1]
	at play.api.libs.iteratee.Iteratee$$anonfun$flatMapM$1.apply(Iteratee.scala:519) ~[api-debugger-assembly-1.0.1.jar:1.0.1]
	at play.api.libs.iteratee.Iteratee$$anonfun$flatMap$1$$anonfun$apply$14.apply(Iteratee.scala:496) ~[api-debugger-assembly-1.0.1.jar:1.0.1]
	at play.api.libs.iteratee.Iteratee$$anonfun$flatMap$1$$anonfun$apply$14.apply(Iteratee.scala:496) ~[api-debugger-assembly-1.0.1.jar:1.0.1]
	at scala.concurrent.impl.Future$PromiseCompletingRunnable.liftedTree1$1(Future.scala:24) [api-debugger-assembly-1.0.1.jar:1.0.1]
	at scala.concurrent.impl.Future$PromiseCompletingRunnable.run(Future.scala:24) [api-debugger-assembly-1.0.1.jar:1.0.1]
	... 6 common frames omitted

2016-07-05 12:47:57,237 - [INFO] - from play in Connect Thread 
Application started (Prod)

2016-07-05 12:47:57,306 - [INFO] - from play in Connect Thread 
Listening for HTTP on /0:0:0:0:0:0:0:0:8181

2016-07-05 12:48:08,566 - [INFO] - from application in play-akka.actor.default-dispatcher-3 
USER SCRIPTING API KEY: ec6d5539-61a2-4372-8f2f-cb7c5cd4fd4d

2016-07-05 12:48:08,601 - [INFO] - from application in play-akka.actor.default-dispatcher-3 
USER API KEY: [ec6d5539-61a2-4372-8f2f-cb7c5cd4fd4d]

2016-07-05 12:48:09,514 - [INFO] - from application in play-akka.actor.default-dispatcher-3 
USER SCRIPTING API KEY: ec6d5539-61a2-4372-8f2f-cb7c5cd4fd4d

2016-07-05 12:48:09,515 - [INFO] - from application in play-akka.actor.default-dispatcher-3 
USER API KEY: [ec6d5539-61a2-4372-8f2f-cb7c5cd4fd4d]

2016-07-05 12:49:00,574 - [INFO] - from play in Connect Thread 
Application started (Prod)

2016-07-05 12:49:00,635 - [INFO] - from play in Connect Thread 
Listening for HTTP on /0:0:0:0:0:0:0:0:8181

2016-07-05 12:49:12,206 - [INFO] - from application in play-akka.actor.default-dispatcher-3 
USER SCRIPTING API KEY: b48f00b2-1811-4e42-96cd-198a508c0dfe

2016-07-05 12:49:12,222 - [INFO] - from application in play-akka.actor.default-dispatcher-3 
USER API KEY: [b48f00b2-1811-4e42-96cd-198a508c0dfe]

2016-07-05 12:49:12,433 - [INFO] - from application in play-akka.actor.default-dispatcher-3 
USER SCRIPTING API KEY: b48f00b2-1811-4e42-96cd-198a508c0dfe

2016-07-05 12:49:12,434 - [INFO] - from application in play-akka.actor.default-dispatcher-3 
USER API KEY: [b48f00b2-1811-4e42-96cd-198a508c0dfe]

2016-07-05 12:51:26,071 - [INFO] - from play in Connect Thread 
Application started (Prod)

2016-07-05 12:51:26,134 - [INFO] - from play in Connect Thread 
Listening for HTTP on /0:0:0:0:0:0:0:0:8181

2016-07-05 12:51:37,185 - [INFO] - from application in play-akka.actor.default-dispatcher-8 
USER SCRIPTING API KEY: de775545-b6bd-410c-b70c-6cc549a5d5ca

2016-07-05 12:51:37,199 - [INFO] - from application in play-akka.actor.default-dispatcher-8 
USER API KEY: [de775545-b6bd-410c-b70c-6cc549a5d5ca]

2016-07-05 12:51:37,358 - [INFO] - from application in play-akka.actor.default-dispatcher-8 
USER SCRIPTING API KEY: de775545-b6bd-410c-b70c-6cc549a5d5ca

2016-07-05 12:51:37,359 - [INFO] - from application in play-akka.actor.default-dispatcher-8 
USER API KEY: [de775545-b6bd-410c-b70c-6cc549a5d5ca]

2016-07-05 12:52:45,324 - [INFO] - from play in Connect Thread 
Application started (Prod)

2016-07-05 12:52:45,386 - [INFO] - from play in Connect Thread 
Listening for HTTP on /0:0:0:0:0:0:0:0:8181

2016-07-05 12:52:57,526 - [INFO] - from application in play-akka.actor.default-dispatcher-2 
USER SCRIPTING API KEY: cff12fdd-ad1e-46b6-b567-af5c97356c1d

2016-07-05 12:52:57,548 - [INFO] - from application in play-akka.actor.default-dispatcher-2 
USER API KEY: [cff12fdd-ad1e-46b6-b567-af5c97356c1d]

2016-07-05 12:52:57,807 - [INFO] - from application in play-akka.actor.default-dispatcher-2 
USER SCRIPTING API KEY: cff12fdd-ad1e-46b6-b567-af5c97356c1d

2016-07-05 12:52:57,808 - [INFO] - from application in play-akka.actor.default-dispatcher-2 
USER API KEY: [cff12fdd-ad1e-46b6-b567-af5c97356c1d]

2016-07-05 12:58:48,515 - [INFO] - from play in Connect Thread 
Application started (Prod)

2016-07-05 12:58:48,585 - [INFO] - from play in Connect Thread 
Listening for HTTP on /0:0:0:0:0:0:0:0:8181

2016-07-05 12:58:59,376 - [INFO] - from application in play-akka.actor.default-dispatcher-3 
USER SCRIPTING API KEY: 5fbf38a6-391e-4f7a-956f-d73d7bcf6365

2016-07-05 12:58:59,402 - [INFO] - from application in play-akka.actor.default-dispatcher-3 
USER API KEY: [5fbf38a6-391e-4f7a-956f-d73d7bcf6365]

2016-07-05 12:58:59,556 - [INFO] - from application in play-akka.actor.default-dispatcher-3 
USER SCRIPTING API KEY: 5fbf38a6-391e-4f7a-956f-d73d7bcf6365

2016-07-05 12:58:59,558 - [INFO] - from application in play-akka.actor.default-dispatcher-3 
USER API KEY: [5fbf38a6-391e-4f7a-956f-d73d7bcf6365]

2016-07-05 13:00:11,618 - [INFO] - from play in Connect Thread 
Application started (Prod)

2016-07-05 13:00:11,681 - [INFO] - from play in Connect Thread 
Listening for HTTP on /0:0:0:0:0:0:0:0:8181

2016-07-05 13:00:22,989 - [INFO] - from application in play-akka.actor.default-dispatcher-6 
USER SCRIPTING API KEY: c0a55003-d653-4099-9d9c-9b73bd8301cc

2016-07-05 13:00:23,002 - [INFO] - from application in play-akka.actor.default-dispatcher-6 
USER API KEY: [c0a55003-d653-4099-9d9c-9b73bd8301cc]

2016-07-05 13:00:23,155 - [INFO] - from application in play-akka.actor.default-dispatcher-6 
USER SCRIPTING API KEY: c0a55003-d653-4099-9d9c-9b73bd8301cc

2016-07-05 13:00:23,156 - [INFO] - from application in play-akka.actor.default-dispatcher-6 
USER API KEY: [c0a55003-d653-4099-9d9c-9b73bd8301cc]

2016-07-05 14:56:23,125 - [INFO] - from play in Connect Thread 
Application started (Prod)

2016-07-05 14:56:23,329 - [INFO] - from play in Connect Thread 
Listening for HTTP on /0:0:0:0:0:0:0:0:8181

2016-07-05 14:56:40,388 - [INFO] - from application in play-akka.actor.default-dispatcher-5 
USER SCRIPTING API KEY: af059a73-b09e-4f8d-9fcb-ecc7d8b046a5

2016-07-05 14:56:40,427 - [INFO] - from application in play-akka.actor.default-dispatcher-5 
USER API KEY: [af059a73-b09e-4f8d-9fcb-ecc7d8b046a5]

2016-07-05 14:56:40,678 - [INFO] - from application in play-akka.actor.default-dispatcher-5 
USER SCRIPTING API KEY: af059a73-b09e-4f8d-9fcb-ecc7d8b046a5

2016-07-05 14:56:40,679 - [INFO] - from application in play-akka.actor.default-dispatcher-5 
USER API KEY: [af059a73-b09e-4f8d-9fcb-ecc7d8b046a5]

2016-07-05 14:56:46,502 - [INFO] - from application in play-akka.actor.default-dispatcher-5 
USER SCRIPTING API KEY: c3e60fab-e3b3-4da0-93f0-1d6feb41cf4a

2016-07-05 14:56:46,508 - [INFO] - from application in play-akka.actor.default-dispatcher-5 
USER API KEY: [c3e60fab-e3b3-4da0-93f0-1d6feb41cf4a]

2016-07-05 14:56:46,736 - [INFO] - from application in play-akka.actor.default-dispatcher-5 
USER SCRIPTING API KEY: c3e60fab-e3b3-4da0-93f0-1d6feb41cf4a

2016-07-05 14:56:46,737 - [INFO] - from application in play-akka.actor.default-dispatcher-5 
USER API KEY: [c3e60fab-e3b3-4da0-93f0-1d6feb41cf4a]

2016-07-05 16:09:06,325 - [INFO] - from play in Connect Thread 
Application started (Prod)

2016-07-05 16:09:06,420 - [INFO] - from play in Connect Thread 
Listening for HTTP on /0:0:0:0:0:0:0:0:8181

2016-07-05 16:09:17,341 - [INFO] - from application in play-akka.actor.default-dispatcher-9 
USER SCRIPTING API KEY: 606cd2bf-4409-4703-85a7-22159907fbc5

2016-07-05 16:09:17,368 - [INFO] - from application in play-akka.actor.default-dispatcher-9 
USER API KEY: [606cd2bf-4409-4703-85a7-22159907fbc5]

2016-07-05 16:09:17,526 - [INFO] - from application in play-akka.actor.default-dispatcher-9 
USER SCRIPTING API KEY: 606cd2bf-4409-4703-85a7-22159907fbc5

2016-07-05 16:09:17,527 - [INFO] - from application in play-akka.actor.default-dispatcher-9 
USER API KEY: [606cd2bf-4409-4703-85a7-22159907fbc5]

2016-07-05 16:09:21,974 - [INFO] - from application in play-akka.actor.default-dispatcher-6 
USER SCRIPTING API KEY: 13f25891-2d01-4dab-9d59-65e8b09ae554

2016-07-05 16:09:21,975 - [INFO] - from application in play-akka.actor.default-dispatcher-6 
USER API KEY: [13f25891-2d01-4dab-9d59-65e8b09ae554]

2016-07-05 16:09:22,139 - [INFO] - from application in play-akka.actor.default-dispatcher-6 
USER SCRIPTING API KEY: 13f25891-2d01-4dab-9d59-65e8b09ae554

2016-07-05 16:09:22,140 - [INFO] - from application in play-akka.actor.default-dispatcher-6 
USER API KEY: [13f25891-2d01-4dab-9d59-65e8b09ae554]

2016-07-05 16:10:32,187 - [INFO] - from play in Connect Thread 
Application started (Prod)

2016-07-05 16:10:32,252 - [INFO] - from play in Connect Thread 
Listening for HTTP on /0:0:0:0:0:0:0:0:8181

2016-07-05 16:10:43,314 - [INFO] - from application in play-akka.actor.default-dispatcher-8 
USER SCRIPTING API KEY: 6c08fe12-ff77-46ad-a781-3752ef8f6346

2016-07-05 16:10:43,340 - [INFO] - from application in play-akka.actor.default-dispatcher-8 
USER API KEY: [6c08fe12-ff77-46ad-a781-3752ef8f6346]

2016-07-05 16:10:43,477 - [INFO] - from application in play-akka.actor.default-dispatcher-8 
USER SCRIPTING API KEY: 6c08fe12-ff77-46ad-a781-3752ef8f6346

2016-07-05 16:10:43,478 - [INFO] - from application in play-akka.actor.default-dispatcher-8 
USER API KEY: [6c08fe12-ff77-46ad-a781-3752ef8f6346]

2016-07-05 16:10:47,671 - [INFO] - from application in play-akka.actor.default-dispatcher-8 
USER SCRIPTING API KEY: a9d8ca46-93e7-49d7-a9d7-6303e814ed47

2016-07-05 16:10:47,672 - [INFO] - from application in play-akka.actor.default-dispatcher-8 
USER API KEY: [a9d8ca46-93e7-49d7-a9d7-6303e814ed47]

2016-07-05 16:10:47,805 - [INFO] - from application in play-akka.actor.default-dispatcher-8 
USER SCRIPTING API KEY: a9d8ca46-93e7-49d7-a9d7-6303e814ed47

2016-07-05 16:10:47,806 - [INFO] - from application in play-akka.actor.default-dispatcher-8 
USER API KEY: [a9d8ca46-93e7-49d7-a9d7-6303e814ed47]

2016-07-05 16:12:06,497 - [INFO] - from play in Connect Thread 
Application started (Prod)

2016-07-05 16:12:06,560 - [INFO] - from play in Connect Thread 
Listening for HTTP on /0:0:0:0:0:0:0:0:8181

2016-07-05 16:12:17,144 - [INFO] - from application in play-akka.actor.default-dispatcher-4 
USER SCRIPTING API KEY: d51c9355-72b4-4068-b1ce-52b2ff151d3e

2016-07-05 16:12:17,163 - [INFO] - from application in play-akka.actor.default-dispatcher-4 
USER API KEY: [d51c9355-72b4-4068-b1ce-52b2ff151d3e]

2016-07-05 16:12:17,296 - [INFO] - from application in play-akka.actor.default-dispatcher-4 
USER SCRIPTING API KEY: d51c9355-72b4-4068-b1ce-52b2ff151d3e

2016-07-05 16:12:17,297 - [INFO] - from application in play-akka.actor.default-dispatcher-4 
USER API KEY: [d51c9355-72b4-4068-b1ce-52b2ff151d3e]

2016-07-05 16:12:21,729 - [INFO] - from application in play-akka.actor.default-dispatcher-4 
USER SCRIPTING API KEY: 183f8bdb-6687-4b8c-99e5-b98c8e988b4a

2016-07-05 16:12:21,730 - [INFO] - from application in play-akka.actor.default-dispatcher-4 
USER API KEY: [183f8bdb-6687-4b8c-99e5-b98c8e988b4a]

2016-07-05 16:12:21,865 - [INFO] - from application in play-akka.actor.default-dispatcher-4 
USER SCRIPTING API KEY: 183f8bdb-6687-4b8c-99e5-b98c8e988b4a

2016-07-05 16:12:21,866 - [INFO] - from application in play-akka.actor.default-dispatcher-4 
USER API KEY: [183f8bdb-6687-4b8c-99e5-b98c8e988b4a]

2016-07-05 16:12:58,027 - [INFO] - from play in Connect Thread 
Application started (Prod)

2016-07-05 16:12:58,091 - [INFO] - from play in Connect Thread 
Listening for HTTP on /0:0:0:0:0:0:0:0:8181

2016-07-05 16:13:08,237 - [INFO] - from application in play-akka.actor.default-dispatcher-8 
USER SCRIPTING API KEY: 84637eb4-df9f-4c34-a831-9254ee64340d

2016-07-05 16:13:08,266 - [INFO] - from application in play-akka.actor.default-dispatcher-8 
USER API KEY: [84637eb4-df9f-4c34-a831-9254ee64340d]

2016-07-05 16:13:08,427 - [INFO] - from application in play-akka.actor.default-dispatcher-8 
USER SCRIPTING API KEY: 84637eb4-df9f-4c34-a831-9254ee64340d

2016-07-05 16:13:08,428 - [INFO] - from application in play-akka.actor.default-dispatcher-8 
USER API KEY: [84637eb4-df9f-4c34-a831-9254ee64340d]

2016-07-05 16:13:13,001 - [INFO] - from application in play-akka.actor.default-dispatcher-6 
USER SCRIPTING API KEY: 2cab0b53-4173-4628-b8d0-17bad12b62c6

2016-07-05 16:13:13,002 - [INFO] - from application in play-akka.actor.default-dispatcher-6 
USER API KEY: [2cab0b53-4173-4628-b8d0-17bad12b62c6]

2016-07-05 16:13:13,161 - [INFO] - from application in play-akka.actor.default-dispatcher-6 
USER SCRIPTING API KEY: 2cab0b53-4173-4628-b8d0-17bad12b62c6

2016-07-05 16:13:13,161 - [INFO] - from application in play-akka.actor.default-dispatcher-6 
USER API KEY: [2cab0b53-4173-4628-b8d0-17bad12b62c6]

2016-07-06 08:41:19,946 - [INFO] - from play in Connect Thread 
Application started (Prod)

2016-07-06 08:41:20,272 - [INFO] - from play in Connect Thread 
Listening for HTTP on /0:0:0:0:0:0:0:0:8181

2016-07-06 08:41:35,729 - [INFO] - from application in play-akka.actor.default-dispatcher-3 
USER SCRIPTING API KEY: 30370284-0c85-4389-86c5-46476e52672a

2016-07-06 08:41:35,745 - [INFO] - from application in play-akka.actor.default-dispatcher-3 
USER API KEY: [30370284-0c85-4389-86c5-46476e52672a]

2016-07-06 08:41:35,914 - [INFO] - from application in play-akka.actor.default-dispatcher-3 
USER SCRIPTING API KEY: 30370284-0c85-4389-86c5-46476e52672a

2016-07-06 08:41:35,916 - [INFO] - from application in play-akka.actor.default-dispatcher-3 
USER API KEY: [30370284-0c85-4389-86c5-46476e52672a]

2016-07-06 08:43:55,897 - [INFO] - from play in Connect Thread 
Application started (Prod)

2016-07-06 08:43:55,978 - [INFO] - from play in Connect Thread 
Listening for HTTP on /0:0:0:0:0:0:0:0:8181

2016-07-06 08:44:06,593 - [INFO] - from application in play-akka.actor.default-dispatcher-3 
USER SCRIPTING API KEY: e486aa5d-9e7a-4b63-b625-96c04996f1f6

2016-07-06 08:44:06,608 - [INFO] - from application in play-akka.actor.default-dispatcher-3 
USER API KEY: [e486aa5d-9e7a-4b63-b625-96c04996f1f6]

2016-07-06 08:44:06,766 - [INFO] - from application in play-akka.actor.default-dispatcher-3 
USER SCRIPTING API KEY: e486aa5d-9e7a-4b63-b625-96c04996f1f6

2016-07-06 08:44:06,767 - [INFO] - from application in play-akka.actor.default-dispatcher-3 
USER API KEY: [e486aa5d-9e7a-4b63-b625-96c04996f1f6]

2016-07-06 08:44:33,277 - [INFO] - from play in Connect Thread 
Application started (Prod)

2016-07-06 08:44:33,336 - [INFO] - from play in Connect Thread 
Listening for HTTP on /0:0:0:0:0:0:0:0:8181

2016-07-06 08:44:42,028 - [INFO] - from application in play-akka.actor.default-dispatcher-2 
USER SCRIPTING API KEY: d3b9712b-a7c3-4c91-890c-a5bef9cf152e

2016-07-06 08:44:42,047 - [INFO] - from application in play-akka.actor.default-dispatcher-2 
USER API KEY: [d3b9712b-a7c3-4c91-890c-a5bef9cf152e]

2016-07-06 08:44:42,190 - [INFO] - from application in play-akka.actor.default-dispatcher-2 
USER SCRIPTING API KEY: d3b9712b-a7c3-4c91-890c-a5bef9cf152e

2016-07-06 08:44:42,191 - [INFO] - from application in play-akka.actor.default-dispatcher-2 
USER API KEY: [d3b9712b-a7c3-4c91-890c-a5bef9cf152e]

2016-07-06 08:45:16,635 - [INFO] - from play in Connect Thread 
Application started (Prod)

2016-07-06 08:45:16,697 - [INFO] - from play in Connect Thread 
Listening for HTTP on /0:0:0:0:0:0:0:0:8181

2016-07-06 08:45:24,393 - [INFO] - from application in play-akka.actor.default-dispatcher-3 
USER SCRIPTING API KEY: 9c3a3f8a-4f5e-491f-9001-fd1ab180c7bc

2016-07-06 08:45:24,410 - [INFO] - from application in play-akka.actor.default-dispatcher-3 
USER API KEY: [9c3a3f8a-4f5e-491f-9001-fd1ab180c7bc]

2016-07-06 08:45:24,569 - [INFO] - from application in play-akka.actor.default-dispatcher-3 
USER SCRIPTING API KEY: 9c3a3f8a-4f5e-491f-9001-fd1ab180c7bc

2016-07-06 08:45:24,570 - [INFO] - from application in play-akka.actor.default-dispatcher-3 
USER API KEY: [9c3a3f8a-4f5e-491f-9001-fd1ab180c7bc]

2016-07-06 08:46:08,451 - [INFO] - from play in Connect Thread 
Application started (Prod)

2016-07-06 08:46:08,512 - [INFO] - from play in Connect Thread 
Listening for HTTP on /0:0:0:0:0:0:0:0:8181

2016-07-06 08:46:16,062 - [INFO] - from application in play-akka.actor.default-dispatcher-3 
USER SCRIPTING API KEY: 9c6f675d-6ee3-423e-a597-1d8854e3bfa0

2016-07-06 08:46:16,079 - [INFO] - from application in play-akka.actor.default-dispatcher-3 
USER API KEY: [9c6f675d-6ee3-423e-a597-1d8854e3bfa0]

2016-07-06 08:46:16,228 - [INFO] - from application in play-akka.actor.default-dispatcher-3 
USER SCRIPTING API KEY: 9c6f675d-6ee3-423e-a597-1d8854e3bfa0

2016-07-06 08:46:16,229 - [INFO] - from application in play-akka.actor.default-dispatcher-3 
USER API KEY: [9c6f675d-6ee3-423e-a597-1d8854e3bfa0]

2016-07-06 08:58:42,301 - [INFO] - from play in Connect Thread 
Application started (Prod)

2016-07-06 08:58:42,391 - [INFO] - from play in Connect Thread 
Listening for HTTP on /0:0:0:0:0:0:0:0:8181

2016-07-06 08:58:52,029 - [INFO] - from application in play-akka.actor.default-dispatcher-2 
USER SCRIPTING API KEY: 4859d676-d440-47fe-a6eb-27026239889f

2016-07-06 08:58:52,044 - [INFO] - from application in play-akka.actor.default-dispatcher-2 
USER API KEY: [4859d676-d440-47fe-a6eb-27026239889f]

2016-07-06 08:58:52,224 - [INFO] - from application in play-akka.actor.default-dispatcher-2 
USER SCRIPTING API KEY: 4859d676-d440-47fe-a6eb-27026239889f

2016-07-06 08:58:52,225 - [INFO] - from application in play-akka.actor.default-dispatcher-2 
USER API KEY: [4859d676-d440-47fe-a6eb-27026239889f]

2016-07-06 08:59:32,516 - [INFO] - from play in Connect Thread 
Application started (Prod)

2016-07-06 08:59:32,578 - [INFO] - from play in Connect Thread 
Listening for HTTP on /0:0:0:0:0:0:0:0:8181

2016-07-06 08:59:40,121 - [INFO] - from application in play-akka.actor.default-dispatcher-3 
USER SCRIPTING API KEY: a0908ec6-86a1-4438-a409-391ba0f72c8a

2016-07-06 08:59:40,135 - [INFO] - from application in play-akka.actor.default-dispatcher-3 
USER API KEY: [a0908ec6-86a1-4438-a409-391ba0f72c8a]

2016-07-06 08:59:40,263 - [INFO] - from application in play-akka.actor.default-dispatcher-3 
USER SCRIPTING API KEY: a0908ec6-86a1-4438-a409-391ba0f72c8a

2016-07-06 08:59:40,264 - [INFO] - from application in play-akka.actor.default-dispatcher-3 
USER API KEY: [a0908ec6-86a1-4438-a409-391ba0f72c8a]

2016-07-06 09:02:04,877 - [INFO] - from play in Connect Thread 
Application started (Prod)

2016-07-06 09:02:04,941 - [INFO] - from play in Connect Thread 
Listening for HTTP on /0:0:0:0:0:0:0:0:8181

2016-07-06 09:02:12,855 - [INFO] - from application in play-akka.actor.default-dispatcher-3 
USER SCRIPTING API KEY: 3a8e6389-c89e-4d4a-b02f-3b156b1c0732

2016-07-06 09:02:12,886 - [INFO] - from application in play-akka.actor.default-dispatcher-3 
USER API KEY: [3a8e6389-c89e-4d4a-b02f-3b156b1c0732]

2016-07-06 09:02:13,035 - [INFO] - from application in play-akka.actor.default-dispatcher-3 
USER SCRIPTING API KEY: 3a8e6389-c89e-4d4a-b02f-3b156b1c0732

2016-07-06 09:02:13,036 - [INFO] - from application in play-akka.actor.default-dispatcher-3 
USER API KEY: [3a8e6389-c89e-4d4a-b02f-3b156b1c0732]

2016-07-06 09:27:15,914 - [INFO] - from play in Connect Thread 
Application started (Prod)

2016-07-06 09:27:15,995 - [INFO] - from play in Connect Thread 
Listening for HTTP on /0:0:0:0:0:0:0:0:8181

2016-07-06 09:27:24,376 - [INFO] - from application in play-akka.actor.default-dispatcher-3 
USER SCRIPTING API KEY: ebeac3ef-014e-444a-8949-6e29cc1f760f

2016-07-06 09:27:24,407 - [INFO] - from application in play-akka.actor.default-dispatcher-3 
USER API KEY: [ebeac3ef-014e-444a-8949-6e29cc1f760f]

2016-07-06 09:27:24,551 - [INFO] - from application in play-akka.actor.default-dispatcher-3 
USER SCRIPTING API KEY: ebeac3ef-014e-444a-8949-6e29cc1f760f

2016-07-06 09:27:24,553 - [INFO] - from application in play-akka.actor.default-dispatcher-3 
USER API KEY: [ebeac3ef-014e-444a-8949-6e29cc1f760f]

2016-07-06 11:43:54,024 - [INFO] - from play in Connect Thread 
Application started (Prod)

2016-07-06 11:43:54,098 - [INFO] - from play in Connect Thread 
Listening for HTTP on /0:0:0:0:0:0:0:0:8181

2016-07-06 11:43:59,857 - [INFO] - from application in play-akka.actor.default-dispatcher-2 
USER SCRIPTING API KEY: a4cd8511-2380-4ffc-b52a-031670df4cc2

2016-07-06 11:43:59,918 - [INFO] - from application in play-akka.actor.default-dispatcher-2 
USER API KEY: [a4cd8511-2380-4ffc-b52a-031670df4cc2]

2016-07-06 11:44:00,102 - [INFO] - from application in play-akka.actor.default-dispatcher-2 
USER SCRIPTING API KEY: a4cd8511-2380-4ffc-b52a-031670df4cc2

2016-07-06 11:44:00,103 - [INFO] - from application in play-akka.actor.default-dispatcher-2 
USER API KEY: [a4cd8511-2380-4ffc-b52a-031670df4cc2]

2016-07-06 11:46:27,134 - [INFO] - from play in Connect Thread 
Application started (Prod)

2016-07-06 11:46:27,197 - [INFO] - from play in Connect Thread 
Listening for HTTP on /0:0:0:0:0:0:0:0:8181

2016-07-06 11:46:31,762 - [INFO] - from application in play-akka.actor.default-dispatcher-2 
USER SCRIPTING API KEY: fa6fe9ac-d484-419c-948b-38f7e753e0fd

2016-07-06 11:46:31,823 - [INFO] - from application in play-akka.actor.default-dispatcher-2 
USER API KEY: [fa6fe9ac-d484-419c-948b-38f7e753e0fd]

2016-07-06 11:46:32,070 - [INFO] - from application in play-akka.actor.default-dispatcher-2 
USER SCRIPTING API KEY: fa6fe9ac-d484-419c-948b-38f7e753e0fd

2016-07-06 11:46:32,071 - [INFO] - from application in play-akka.actor.default-dispatcher-2 
USER API KEY: [fa6fe9ac-d484-419c-948b-38f7e753e0fd]

2016-07-06 11:47:01,065 - [INFO] - from play in Connect Thread 
Application started (Prod)

2016-07-06 11:47:01,130 - [INFO] - from play in Connect Thread 
Listening for HTTP on /0:0:0:0:0:0:0:0:8181

2016-07-06 11:47:05,853 - [INFO] - from application in play-akka.actor.default-dispatcher-4 
USER SCRIPTING API KEY: c2ffe1b4-dfb5-4a3e-8bfa-8d4a51dd32a9

2016-07-06 11:47:05,913 - [INFO] - from application in play-akka.actor.default-dispatcher-4 
USER API KEY: [c2ffe1b4-dfb5-4a3e-8bfa-8d4a51dd32a9]

2016-07-06 11:47:06,179 - [INFO] - from application in play-akka.actor.default-dispatcher-4 
USER SCRIPTING API KEY: c2ffe1b4-dfb5-4a3e-8bfa-8d4a51dd32a9

2016-07-06 11:47:06,180 - [INFO] - from application in play-akka.actor.default-dispatcher-4 
USER API KEY: [c2ffe1b4-dfb5-4a3e-8bfa-8d4a51dd32a9]

2016-07-06 12:06:44,786 - [INFO] - from play in Connect Thread 
Application started (Prod)

2016-07-06 12:06:44,877 - [INFO] - from play in Connect Thread 
Listening for HTTP on /0:0:0:0:0:0:0:0:8181

2016-07-06 12:06:51,657 - [INFO] - from application in play-akka.actor.default-dispatcher-2 
USER SCRIPTING API KEY: 353ec3cc-8e14-4b29-83d9-537fb2575e09

2016-07-06 12:06:51,747 - [INFO] - from application in play-akka.actor.default-dispatcher-2 
USER API KEY: [353ec3cc-8e14-4b29-83d9-537fb2575e09]

2016-07-06 12:06:51,991 - [INFO] - from application in play-akka.actor.default-dispatcher-2 
USER SCRIPTING API KEY: 353ec3cc-8e14-4b29-83d9-537fb2575e09

2016-07-06 12:06:51,992 - [INFO] - from application in play-akka.actor.default-dispatcher-2 
USER API KEY: [353ec3cc-8e14-4b29-83d9-537fb2575e09]

2016-07-06 12:07:41,210 - [INFO] - from play in Connect Thread 
Application started (Prod)

2016-07-06 12:07:41,284 - [INFO] - from play in Connect Thread 
Listening for HTTP on /0:0:0:0:0:0:0:0:8181

2016-07-06 12:07:48,613 - [INFO] - from application in play-akka.actor.default-dispatcher-3 
USER SCRIPTING API KEY: 46a767c9-dac1-46de-87a1-1c5b37634793

2016-07-06 12:07:48,693 - [INFO] - from application in play-akka.actor.default-dispatcher-3 
USER API KEY: [46a767c9-dac1-46de-87a1-1c5b37634793]

2016-07-06 12:07:48,895 - [INFO] - from application in play-akka.actor.default-dispatcher-3 
USER SCRIPTING API KEY: 46a767c9-dac1-46de-87a1-1c5b37634793

2016-07-06 12:07:48,898 - [INFO] - from application in play-akka.actor.default-dispatcher-3 
USER API KEY: [46a767c9-dac1-46de-87a1-1c5b37634793]

2016-07-07 10:18:31,501 - [INFO] - from play in Connect Thread 
Application started (Prod)

2016-07-07 10:18:31,815 - [INFO] - from play in Connect Thread 
Listening for HTTP on /0:0:0:0:0:0:0:0:8181

2016-07-07 10:18:46,508 - [INFO] - from application in play-akka.actor.default-dispatcher-2 
USER SCRIPTING API KEY: a3be3a47-4dff-4204-adaf-55db45df3506

2016-07-07 10:18:46,523 - [INFO] - from application in play-akka.actor.default-dispatcher-2 
USER API KEY: [a3be3a47-4dff-4204-adaf-55db45df3506]

2016-07-07 10:18:46,658 - [INFO] - from application in play-akka.actor.default-dispatcher-2 
USER SCRIPTING API KEY: a3be3a47-4dff-4204-adaf-55db45df3506

2016-07-07 10:18:46,659 - [INFO] - from application in play-akka.actor.default-dispatcher-2 
USER API KEY: [a3be3a47-4dff-4204-adaf-55db45df3506]

2016-07-08 12:11:28,646 - [INFO] - from play in Connect Thread 
Application started (Prod)

2016-07-08 12:11:28,915 - [INFO] - from play in Connect Thread 
Listening for HTTP on /0:0:0:0:0:0:0:0:8181

2016-07-08 12:39:38,290 - [INFO] - from play in Connect Thread 
Application started (Prod)

2016-07-08 12:39:38,366 - [INFO] - from play in Connect Thread 
Listening for HTTP on /0:0:0:0:0:0:0:0:8181

2016-07-08 12:40:53,813 - [INFO] - from play in Connect Thread 
Application started (Prod)

2016-07-08 12:40:53,876 - [INFO] - from play in Connect Thread 
Listening for HTTP on /0:0:0:0:0:0:0:0:8181

2016-07-08 12:43:30,289 - [INFO] - from play in Connect Thread 
Application started (Prod)

2016-07-08 12:43:30,528 - [INFO] - from play in Connect Thread 
Listening for HTTP on /0:0:0:0:0:0:0:0:8181

2016-07-08 12:47:20,995 - [INFO] - from play in Connect Thread 
Application started (Prod)

2016-07-08 12:47:21,054 - [INFO] - from play in Connect Thread 
Listening for HTTP on /0:0:0:0:0:0:0:0:8181

2016-07-08 12:55:11,674 - [INFO] - from play in Connect Thread 
Application started (Prod)

2016-07-08 12:55:11,739 - [INFO] - from play in Connect Thread 
Listening for HTTP on /0:0:0:0:0:0:0:0:8181

2016-07-08 12:55:21,966 - [INFO] - from application in play-akka.actor.default-dispatcher-3 
USER SCRIPTING API KEY: 4272c088-a12d-41af-99d2-f3ba9c6ae2a0

2016-07-08 12:55:21,985 - [INFO] - from application in play-akka.actor.default-dispatcher-3 
USER API KEY: [4272c088-a12d-41af-99d2-f3ba9c6ae2a0]

2016-07-08 12:55:22,199 - [INFO] - from application in play-akka.actor.default-dispatcher-3 
USER SCRIPTING API KEY: 4272c088-a12d-41af-99d2-f3ba9c6ae2a0

2016-07-08 12:55:22,200 - [INFO] - from application in play-akka.actor.default-dispatcher-3 
USER API KEY: [4272c088-a12d-41af-99d2-f3ba9c6ae2a0]

2016-07-08 14:38:15,793 - [INFO] - from play in Connect Thread 
Application started (Prod)

2016-07-08 14:38:15,868 - [INFO] - from play in Connect Thread 
Listening for HTTP on /0:0:0:0:0:0:0:0:8181

2016-07-08 14:38:25,967 - [INFO] - from application in play-akka.actor.default-dispatcher-2 
USER SCRIPTING API KEY: b86d92a1-9ce9-4dc8-9cbe-524f7964dee8

2016-07-08 14:38:25,996 - [INFO] - from application in play-akka.actor.default-dispatcher-2 
USER API KEY: [b86d92a1-9ce9-4dc8-9cbe-524f7964dee8]

2016-07-08 14:38:26,146 - [INFO] - from application in play-akka.actor.default-dispatcher-2 
USER SCRIPTING API KEY: b86d92a1-9ce9-4dc8-9cbe-524f7964dee8

2016-07-08 14:38:26,147 - [INFO] - from application in play-akka.actor.default-dispatcher-2 
USER API KEY: [b86d92a1-9ce9-4dc8-9cbe-524f7964dee8]

2016-07-08 14:40:12,071 - [INFO] - from play in Connect Thread 
Application started (Prod)

2016-07-08 14:40:12,133 - [INFO] - from play in Connect Thread 
Listening for HTTP on /0:0:0:0:0:0:0:0:8181

2016-07-08 14:40:20,109 - [INFO] - from application in play-akka.actor.default-dispatcher-4 
USER SCRIPTING API KEY: 47f65a48-dc40-49e8-899e-9cda90d81b5a

2016-07-08 14:40:20,123 - [INFO] - from application in play-akka.actor.default-dispatcher-4 
USER API KEY: [47f65a48-dc40-49e8-899e-9cda90d81b5a]

2016-07-08 14:40:20,262 - [INFO] - from application in play-akka.actor.default-dispatcher-4 
USER SCRIPTING API KEY: 47f65a48-dc40-49e8-899e-9cda90d81b5a

2016-07-08 14:40:20,263 - [INFO] - from application in play-akka.actor.default-dispatcher-4 
USER API KEY: [47f65a48-dc40-49e8-899e-9cda90d81b5a]

2016-07-08 15:23:35,842 - [INFO] - from play in Connect Thread 
Application started (Prod)

2016-07-08 15:23:35,914 - [INFO] - from play in Connect Thread 
Listening for HTTP on /0:0:0:0:0:0:0:0:8181

2016-07-08 15:23:45,991 - [INFO] - from application in play-akka.actor.default-dispatcher-5 
USER SCRIPTING API KEY: 2f393547-d2ce-49aa-8898-763c6580a016

2016-07-08 15:23:46,022 - [INFO] - from application in play-akka.actor.default-dispatcher-5 
USER API KEY: [2f393547-d2ce-49aa-8898-763c6580a016]

2016-07-08 15:23:46,184 - [INFO] - from application in play-akka.actor.default-dispatcher-5 
USER SCRIPTING API KEY: 2f393547-d2ce-49aa-8898-763c6580a016

2016-07-08 15:23:46,186 - [INFO] - from application in play-akka.actor.default-dispatcher-5 
USER API KEY: [2f393547-d2ce-49aa-8898-763c6580a016]

2016-07-08 15:25:14,232 - [INFO] - from play in Connect Thread 
Application started (Prod)

2016-07-08 15:25:14,294 - [INFO] - from play in Connect Thread 
Listening for HTTP on /0:0:0:0:0:0:0:0:8181

2016-07-08 15:25:24,768 - [INFO] - from application in play-akka.actor.default-dispatcher-2 
USER SCRIPTING API KEY: d715ed63-fb9b-444b-a001-5f113faeb3e5

2016-07-08 15:25:24,782 - [INFO] - from application in play-akka.actor.default-dispatcher-2 
USER API KEY: [d715ed63-fb9b-444b-a001-5f113faeb3e5]

2016-07-08 15:25:24,975 - [INFO] - from application in play-akka.actor.default-dispatcher-2 
USER SCRIPTING API KEY: d715ed63-fb9b-444b-a001-5f113faeb3e5

2016-07-08 15:25:24,976 - [INFO] - from application in play-akka.actor.default-dispatcher-2 
USER API KEY: [d715ed63-fb9b-444b-a001-5f113faeb3e5]

2016-07-11 08:31:20,184 - [INFO] - from play in Connect Thread 
Application started (Prod)

2016-07-11 08:31:20,630 - [INFO] - from play in Connect Thread 
Listening for HTTP on /0:0:0:0:0:0:0:0:8181

2016-07-11 08:32:00,852 - [INFO] - from application in play-akka.actor.default-dispatcher-3 
USER SCRIPTING API KEY: 1fe2fabd-d08f-4260-823b-1dec6167fbb8

2016-07-11 08:32:00,864 - [INFO] - from application in play-akka.actor.default-dispatcher-3 
USER API KEY: [1fe2fabd-d08f-4260-823b-1dec6167fbb8]

2016-07-11 08:32:01,089 - [INFO] - from application in play-akka.actor.default-dispatcher-3 
USER SCRIPTING API KEY: 1fe2fabd-d08f-4260-823b-1dec6167fbb8

2016-07-11 08:32:01,091 - [INFO] - from application in play-akka.actor.default-dispatcher-3 
USER API KEY: [1fe2fabd-d08f-4260-823b-1dec6167fbb8]

2016-07-11 11:44:41,404 - [INFO] - from play in Connect Thread 
Application started (Prod)

2016-07-11 11:44:41,906 - [INFO] - from play in Connect Thread 
Listening for HTTP on /0:0:0:0:0:0:0:0:8181

2016-07-11 11:44:56,740 - [INFO] - from application in play-akka.actor.default-dispatcher-4 
USER SCRIPTING API KEY: 5950289c-9287-4c7e-bf6f-8e01c43325ac

2016-07-11 11:44:56,758 - [INFO] - from application in play-akka.actor.default-dispatcher-4 
USER API KEY: [5950289c-9287-4c7e-bf6f-8e01c43325ac]

2016-07-11 11:44:56,912 - [INFO] - from application in play-akka.actor.default-dispatcher-4 
USER SCRIPTING API KEY: 5950289c-9287-4c7e-bf6f-8e01c43325ac

2016-07-11 11:44:56,914 - [INFO] - from application in play-akka.actor.default-dispatcher-4 
USER API KEY: [5950289c-9287-4c7e-bf6f-8e01c43325ac]

2016-07-11 11:49:17,855 - [INFO] - from play in Connect Thread 
Application started (Prod)

2016-07-11 11:49:17,911 - [INFO] - from play in Connect Thread 
Listening for HTTP on /0:0:0:0:0:0:0:0:8181

2016-07-11 11:49:25,785 - [INFO] - from application in play-akka.actor.default-dispatcher-2 
USER SCRIPTING API KEY: 409b45c7-fb84-4e7c-8b83-bb3c5e3ecf56

2016-07-11 11:49:25,803 - [INFO] - from application in play-akka.actor.default-dispatcher-2 
USER API KEY: [409b45c7-fb84-4e7c-8b83-bb3c5e3ecf56]

2016-07-11 11:49:25,941 - [INFO] - from application in play-akka.actor.default-dispatcher-2 
USER SCRIPTING API KEY: 409b45c7-fb84-4e7c-8b83-bb3c5e3ecf56

2016-07-11 11:49:25,942 - [INFO] - from application in play-akka.actor.default-dispatcher-2 
USER API KEY: [409b45c7-fb84-4e7c-8b83-bb3c5e3ecf56]

2016-07-11 12:04:54,284 - [INFO] - from play in Connect Thread 
Application started (Prod)

2016-07-11 12:04:54,341 - [INFO] - from play in Connect Thread 
Listening for HTTP on /0:0:0:0:0:0:0:0:8181

2016-07-11 12:05:02,709 - [INFO] - from application in play-akka.actor.default-dispatcher-2 
USER SCRIPTING API KEY: 85891581-de87-4d1d-9bc4-7962544f1d7b

2016-07-11 12:05:02,722 - [INFO] - from application in play-akka.actor.default-dispatcher-2 
USER API KEY: [85891581-de87-4d1d-9bc4-7962544f1d7b]

2016-07-11 12:05:02,882 - [INFO] - from application in play-akka.actor.default-dispatcher-2 
USER SCRIPTING API KEY: 85891581-de87-4d1d-9bc4-7962544f1d7b

2016-07-11 12:05:02,883 - [INFO] - from application in play-akka.actor.default-dispatcher-2 
USER API KEY: [85891581-de87-4d1d-9bc4-7962544f1d7b]

2016-07-11 12:06:09,993 - [INFO] - from play in Connect Thread 
Application started (Prod)

2016-07-11 12:06:10,052 - [INFO] - from play in Connect Thread 
Listening for HTTP on /0:0:0:0:0:0:0:0:8181

2016-07-11 12:06:18,513 - [INFO] - from application in play-akka.actor.default-dispatcher-9 
USER SCRIPTING API KEY: 26092b7c-0294-4548-9361-bce9afda2eff

2016-07-11 12:06:18,528 - [INFO] - from application in play-akka.actor.default-dispatcher-9 
USER API KEY: [26092b7c-0294-4548-9361-bce9afda2eff]

2016-07-11 12:06:18,776 - [INFO] - from application in play-akka.actor.default-dispatcher-9 
USER SCRIPTING API KEY: 26092b7c-0294-4548-9361-bce9afda2eff

2016-07-11 12:06:18,777 - [INFO] - from application in play-akka.actor.default-dispatcher-9 
USER API KEY: [26092b7c-0294-4548-9361-bce9afda2eff]

2016-07-11 12:15:22,263 - [INFO] - from play in Connect Thread 
Application started (Prod)

2016-07-11 12:15:22,321 - [INFO] - from play in Connect Thread 
Listening for HTTP on /0:0:0:0:0:0:0:0:8181

2016-07-11 12:15:30,257 - [INFO] - from application in play-akka.actor.default-dispatcher-5 
USER SCRIPTING API KEY: cf5166d8-34a2-4973-aafc-838a299a4b59

2016-07-11 12:15:30,273 - [INFO] - from application in play-akka.actor.default-dispatcher-5 
USER API KEY: [cf5166d8-34a2-4973-aafc-838a299a4b59]

2016-07-11 12:15:30,421 - [INFO] - from application in play-akka.actor.default-dispatcher-5 
USER SCRIPTING API KEY: cf5166d8-34a2-4973-aafc-838a299a4b59

2016-07-11 12:15:30,422 - [INFO] - from application in play-akka.actor.default-dispatcher-5 
USER API KEY: [cf5166d8-34a2-4973-aafc-838a299a4b59]

2016-07-11 12:27:10,722 - [INFO] - from play in Connect Thread 
Application started (Prod)

2016-07-11 12:27:10,799 - [INFO] - from play in Connect Thread 
Listening for HTTP on /0:0:0:0:0:0:0:0:8181

2016-07-11 12:27:18,964 - [INFO] - from application in play-akka.actor.default-dispatcher-3 
USER SCRIPTING API KEY: 771cb5f1-8231-45c8-8d54-48ab364bb976

2016-07-11 12:27:18,979 - [INFO] - from application in play-akka.actor.default-dispatcher-3 
USER API KEY: [771cb5f1-8231-45c8-8d54-48ab364bb976]

2016-07-11 12:27:19,104 - [INFO] - from application in play-akka.actor.default-dispatcher-3 
USER SCRIPTING API KEY: 771cb5f1-8231-45c8-8d54-48ab364bb976

2016-07-11 12:27:19,106 - [INFO] - from application in play-akka.actor.default-dispatcher-3 
USER API KEY: [771cb5f1-8231-45c8-8d54-48ab364bb976]

2016-07-11 12:29:18,637 - [INFO] - from play in Connect Thread 
Application started (Prod)

2016-07-11 12:29:18,699 - [INFO] - from play in Connect Thread 
Listening for HTTP on /0:0:0:0:0:0:0:0:8181

2016-07-11 12:29:26,619 - [INFO] - from application in play-akka.actor.default-dispatcher-3 
USER SCRIPTING API KEY: 01b3e313-af88-45bf-93ba-9b3754b2601b

2016-07-11 12:29:26,633 - [INFO] - from application in play-akka.actor.default-dispatcher-3 
USER API KEY: [01b3e313-af88-45bf-93ba-9b3754b2601b]

2016-07-11 12:29:26,779 - [INFO] - from application in play-akka.actor.default-dispatcher-3 
USER SCRIPTING API KEY: 01b3e313-af88-45bf-93ba-9b3754b2601b

2016-07-11 12:29:26,780 - [INFO] - from application in play-akka.actor.default-dispatcher-3 
USER API KEY: [01b3e313-af88-45bf-93ba-9b3754b2601b]

2016-07-11 12:29:51,565 - [INFO] - from play in Connect Thread 
Application started (Prod)

2016-07-11 12:29:51,624 - [INFO] - from play in Connect Thread 
Listening for HTTP on /0:0:0:0:0:0:0:0:8181

2016-07-11 12:29:59,030 - [INFO] - from application in play-akka.actor.default-dispatcher-5 
USER SCRIPTING API KEY: 9a625632-815a-4bf4-bb9e-f9c2fd6340cd

2016-07-11 12:29:59,045 - [INFO] - from application in play-akka.actor.default-dispatcher-5 
USER API KEY: [9a625632-815a-4bf4-bb9e-f9c2fd6340cd]

2016-07-11 12:29:59,190 - [INFO] - from application in play-akka.actor.default-dispatcher-5 
USER SCRIPTING API KEY: 9a625632-815a-4bf4-bb9e-f9c2fd6340cd

2016-07-11 12:29:59,191 - [INFO] - from application in play-akka.actor.default-dispatcher-5 
USER API KEY: [9a625632-815a-4bf4-bb9e-f9c2fd6340cd]

2016-07-11 12:30:46,932 - [INFO] - from play in Connect Thread 
Application started (Prod)

2016-07-11 12:30:46,994 - [INFO] - from play in Connect Thread 
Listening for HTTP on /0:0:0:0:0:0:0:0:8181

2016-07-11 12:30:55,543 - [INFO] - from application in play-akka.actor.default-dispatcher-3 
USER SCRIPTING API KEY: 4a6b5c78-d319-4b50-9ac0-ff23dc4e8afc

2016-07-11 12:30:55,558 - [INFO] - from application in play-akka.actor.default-dispatcher-3 
USER API KEY: [4a6b5c78-d319-4b50-9ac0-ff23dc4e8afc]

2016-07-11 12:30:55,964 - [INFO] - from application in play-akka.actor.default-dispatcher-3 
USER SCRIPTING API KEY: 4a6b5c78-d319-4b50-9ac0-ff23dc4e8afc

2016-07-11 12:30:55,965 - [INFO] - from application in play-akka.actor.default-dispatcher-3 
USER API KEY: [4a6b5c78-d319-4b50-9ac0-ff23dc4e8afc]

2016-07-11 13:04:00,864 - [INFO] - from play in Connect Thread 
Application started (Prod)

2016-07-11 13:04:00,945 - [INFO] - from play in Connect Thread 
Listening for HTTP on /0:0:0:0:0:0:0:0:8181

2016-07-11 13:04:10,408 - [INFO] - from application in play-akka.actor.default-dispatcher-3 
USER SCRIPTING API KEY: 7b8b57b8-e0ed-4659-9738-936678015f55

2016-07-11 13:04:10,422 - [INFO] - from application in play-akka.actor.default-dispatcher-3 
USER API KEY: [7b8b57b8-e0ed-4659-9738-936678015f55]

2016-07-11 13:04:10,549 - [INFO] - from application in play-akka.actor.default-dispatcher-3 
USER SCRIPTING API KEY: 7b8b57b8-e0ed-4659-9738-936678015f55

2016-07-11 13:04:10,550 - [INFO] - from application in play-akka.actor.default-dispatcher-3 
USER API KEY: [7b8b57b8-e0ed-4659-9738-936678015f55]

2016-07-11 13:05:27,524 - [INFO] - from play in Connect Thread 
Application started (Prod)

2016-07-11 13:05:27,597 - [INFO] - from play in Connect Thread 
Listening for HTTP on /0:0:0:0:0:0:0:0:8181

2016-07-11 13:05:35,450 - [INFO] - from application in play-akka.actor.default-dispatcher-2 
USER SCRIPTING API KEY: 1c7b073e-568c-4746-ad30-4af794e0df2c

2016-07-11 13:05:35,465 - [INFO] - from application in play-akka.actor.default-dispatcher-2 
USER API KEY: [1c7b073e-568c-4746-ad30-4af794e0df2c]

2016-07-11 13:05:35,605 - [INFO] - from application in play-akka.actor.default-dispatcher-2 
USER SCRIPTING API KEY: 1c7b073e-568c-4746-ad30-4af794e0df2c

2016-07-11 13:05:35,606 - [INFO] - from application in play-akka.actor.default-dispatcher-2 
USER API KEY: [1c7b073e-568c-4746-ad30-4af794e0df2c]

2016-07-11 13:09:04,222 - [INFO] - from play in Connect Thread 
Application started (Prod)

2016-07-11 13:09:04,286 - [INFO] - from play in Connect Thread 
Listening for HTTP on /0:0:0:0:0:0:0:0:8181

2016-07-11 13:09:12,533 - [INFO] - from application in play-akka.actor.default-dispatcher-3 
USER SCRIPTING API KEY: fb449d67-9077-4ce5-aa31-f2e9a45b4c69

2016-07-11 13:09:12,562 - [INFO] - from application in play-akka.actor.default-dispatcher-3 
USER API KEY: [fb449d67-9077-4ce5-aa31-f2e9a45b4c69]

2016-07-11 13:09:12,688 - [INFO] - from application in play-akka.actor.default-dispatcher-3 
USER SCRIPTING API KEY: fb449d67-9077-4ce5-aa31-f2e9a45b4c69

2016-07-11 13:09:12,689 - [INFO] - from application in play-akka.actor.default-dispatcher-3 
USER API KEY: [fb449d67-9077-4ce5-aa31-f2e9a45b4c69]

2016-07-12 12:09:09,621 - [INFO] - from play in Connect Thread 
Application started (Prod)

2016-07-12 12:09:09,980 - [INFO] - from play in Connect Thread 
Listening for HTTP on /0:0:0:0:0:0:0:0:8181

2016-07-12 12:09:24,946 - [INFO] - from application in play-akka.actor.default-dispatcher-2 
USER SCRIPTING API KEY: 6dc664c3-efa0-4697-966d-db599d9217bd

2016-07-12 12:09:24,983 - [INFO] - from application in play-akka.actor.default-dispatcher-2 
USER API KEY: [6dc664c3-efa0-4697-966d-db599d9217bd]

2016-07-12 12:09:25,148 - [INFO] - from application in play-akka.actor.default-dispatcher-2 
USER SCRIPTING API KEY: 6dc664c3-efa0-4697-966d-db599d9217bd

2016-07-12 12:09:25,150 - [INFO] - from application in play-akka.actor.default-dispatcher-2 
USER API KEY: [6dc664c3-efa0-4697-966d-db599d9217bd]

2016-07-12 12:27:36,575 - [INFO] - from play in Connect Thread 
Application started (Prod)

2016-07-12 12:27:36,645 - [INFO] - from play in Connect Thread 
Listening for HTTP on /0:0:0:0:0:0:0:0:8181

2016-07-12 12:27:47,324 - [INFO] - from application in play-akka.actor.default-dispatcher-5 
USER SCRIPTING API KEY: b799ab8d-60ce-41f3-8752-7e8c4d6f5e68

2016-07-12 12:27:47,353 - [INFO] - from application in play-akka.actor.default-dispatcher-5 
USER API KEY: [b799ab8d-60ce-41f3-8752-7e8c4d6f5e68]

2016-07-12 12:27:47,493 - [INFO] - from application in play-akka.actor.default-dispatcher-5 
USER SCRIPTING API KEY: b799ab8d-60ce-41f3-8752-7e8c4d6f5e68

2016-07-12 12:27:47,494 - [INFO] - from application in play-akka.actor.default-dispatcher-5 
USER API KEY: [b799ab8d-60ce-41f3-8752-7e8c4d6f5e68]

2016-07-12 12:28:12,857 - [INFO] - from play in Connect Thread 
Application started (Prod)

2016-07-12 12:28:12,917 - [INFO] - from play in Connect Thread 
Listening for HTTP on /0:0:0:0:0:0:0:0:8181

2016-07-12 12:28:20,984 - [INFO] - from application in play-akka.actor.default-dispatcher-3 
USER SCRIPTING API KEY: 6130dc39-0b01-469d-b6be-8b9b4e41aace

2016-07-12 12:28:21,012 - [INFO] - from application in play-akka.actor.default-dispatcher-3 
USER API KEY: [6130dc39-0b01-469d-b6be-8b9b4e41aace]

2016-07-12 12:28:21,203 - [INFO] - from application in play-akka.actor.default-dispatcher-3 
USER SCRIPTING API KEY: 6130dc39-0b01-469d-b6be-8b9b4e41aace

2016-07-12 12:28:21,204 - [INFO] - from application in play-akka.actor.default-dispatcher-3 
USER API KEY: [6130dc39-0b01-469d-b6be-8b9b4e41aace]

